[1m[90m[31;20m2026-02-05 16:24:03 | INFO |[0m [92mCSV Initialized: simulation_results.csv
[1m[90m[31;20m2026-02-05 16:24:03 | INFO |[0m [34mSET CONSTANT: VDS = 40
[1m[90m[31;20m2026-02-05 16:24:03 | INFO |[0m           [35m->[API][pyawr_configure_schematic_element] SENT:[schematic_title:(VDS40_Load_Pull) target_designator:(DCVS.VDS) parameter_map:({'V': '40'})]
[1m[90m[31;20m2026-02-05 16:24:03 | INFO |[0m           [36m->[API][pyawr_configure_schematic_element] RETURN:[{'schematic_source': 'VDS40_Load_Pull', 'element_identifier': 'DCVS.VDS', 'applied_configurations': {'V': '40'}}]
[1m[90m[31;20m2026-02-05 16:24:03 | INFO |[0m Total States to Simulate: 1
[1m[90m[31;20m2026-02-05 16:24:03 | INFO |[0m   [32mSET STATE: Frekans (GHz) = 13.1
[1m[90m[31;20m2026-02-05 16:24:03 | INFO |[0m   [32mSET STATE: P_in (dBm) = 30
[1m[90m[31;20m2026-02-05 16:24:03 | INFO |[0m           [35m->[API][pyawr_configure_schematic_element] SENT:[schematic_title:(VDS40_Load_Pull) target_designator:(PORT1.P1) parameter_map:({'Pwr': '30'})]
[1m[90m[31;20m2026-02-05 16:24:03 | INFO |[0m           [36m->[API][pyawr_configure_schematic_element] RETURN:[{'schematic_source': 'VDS40_Load_Pull', 'element_identifier': 'PORT1.P1', 'applied_configurations': {'Pwr': '30'}}]
[1m[90m[31;20m2026-02-05 16:24:03 | INFO |[0m   [32mSET STATE: VGS (V) = -2.745
[1m[90m[31;20m2026-02-05 16:24:03 | INFO |[0m           [35m->[API][pyawr_configure_schematic_element] SENT:[schematic_title:(VDS40_Load_Pull) target_designator:(DCVS.VGS) parameter_map:({'V': '-2.745'})]
[1m[90m[31;20m2026-02-05 16:24:03 | INFO |[0m           [36m->[API][pyawr_configure_schematic_element] RETURN:[{'schematic_source': 'VDS40_Load_Pull', 'element_identifier': 'DCVS.VGS', 'applied_configurations': {'V': '-2.745'}}]
[1m[90m[31;20m2026-02-05 16:24:03 | INFO |[0m   [33m--- Iteration 1 (Radius: 0.99) ---
[1m[90m[31;20m2026-02-05 16:24:03 | INFO |[0m           [35m->[API][pyawr_configure_schematic_element] SENT:[schematic_title:(VDS40_Load_Pull) target_designator:(HBTUNER3.SourceTuner) parameter_map:({'Mag1': 'calcMag(50,0,z0)', 'Ang1': 'calcAng(50,0,z0)'})]
[1m[90m[31;20m2026-02-05 16:24:03 | INFO |[0m           [36m->[API][pyawr_configure_schematic_element] RETURN:[{'schematic_source': 'VDS40_Load_Pull', 'element_identifier': 'HBTUNER3.SourceTuner', 'applied_configurations': {'Mag1': 'calcMag(50,0,z0)', 'Ang1': 'calcAng(50,0,z0)'}}]
[1m[90m[31;20m2026-02-05 16:24:03 | INFO |[0m           [35m->[API][pyawr_configure_schematic_element] SENT:[schematic_title:(VDS40_Load_Pull) target_designator:(HBTUNER3.LoadTuner) parameter_map:({'Mag1': '0', 'Ang1': '0'})]
[1m[90m[31;20m2026-02-05 16:24:03 | INFO |[0m           [36m->[API][pyawr_configure_schematic_element] RETURN:[{'schematic_source': 'VDS40_Load_Pull', 'element_identifier': 'HBTUNER3.LoadTuner', 'applied_configurations': {'Mag1': '0', 'Ang1': '0'}}]
[1m[90m[31;20m2026-02-05 16:24:05 | INFO |[0m           [35m->[API][awr_loadpull_automation] SENT:[{'LP_MaxHarmonic': 1, 'LP_DataFileName': 'source_data_1', 'LP_OverwriteDataFile': True, 'LP_Sweep_Source1': True, 'LP_Sweep_Load1': False, 'LP_Source1_Density': 'Extra fine', 'LP_Source1_Radius': 0.99, 'LP_Source1_CenterMagnitude': 0.0, 'LP_Source1_CenterAngle': 0.0}]
[1m[90m[31;20m2026-02-05 16:24:05 | INFO |[0m           [35m->[API][awr_marker_reader] SENT:[graph_name:(it1_source_pull) marker:(m2)] 
[1m[90m[31;20m2026-02-05 16:24:05 | INFO |[0m           [36m->[API][awr_marker_reader] RECEIVED:[point:(12.347) mag:(0.8433) ang:(-72.43)]
[1m[90m[31;20m2026-02-05 16:24:05 | INFO |[0m           [35m->[API][pyawr_configure_schematic_element] SENT:[schematic_title:(VDS40_Load_Pull) target_designator:(HBTUNER3.SourceTuner) parameter_map:({'Mag1': '0.8433', 'Ang1': '-72.43'})]
[1m[90m[31;20m2026-02-05 16:24:05 | INFO |[0m           [36m->[API][pyawr_configure_schematic_element] RETURN:[{'schematic_source': 'VDS40_Load_Pull', 'element_identifier': 'HBTUNER3.SourceTuner', 'applied_configurations': {'Mag1': '0.8433', 'Ang1': '-72.43'}}]
[1m[90m[31;20m2026-02-05 16:24:05 | INFO |[0m           [35m->[API][pyawr_configure_schematic_element] SENT:[schematic_title:(VDS40_Load_Pull) target_designator:(HBTUNER3.LoadTuner) parameter_map:({'Mag1': 'calcMag(50,0,z0)', 'Ang1': 'calcAng(50,0,z0)'})]
[1m[90m[31;20m2026-02-05 16:24:05 | INFO |[0m           [36m->[API][pyawr_configure_schematic_element] RETURN:[{'schematic_source': 'VDS40_Load_Pull', 'element_identifier': 'HBTUNER3.LoadTuner', 'applied_configurations': {'Mag1': 'calcMag(50,0,z0)', 'Ang1': 'calcAng(50,0,z0)'}}]
[1m[90m[31;20m2026-02-05 16:24:07 | INFO |[0m           [35m->[API][awr_loadpull_automation] SENT:[{'LP_MaxHarmonic': 1, 'LP_DataFileName': 'load_data_1', 'LP_OverwriteDataFile': True, 'LP_Sweep_Source1': False, 'LP_Sweep_Load1': True, 'LP_Load1_Density': 'Extra fine', 'LP_Load1_Radius': 0.99, 'LP_Load1_CenterMagnitude': 0.0, 'LP_Load1_CenterAngle': 0.0}]
[1m[90m[31;20m2026-02-05 16:24:07 | INFO |[0m           [35m->[API][awr_marker_reader] SENT:[graph_name:(it1_load_pull) marker:(m2)] 
[1m[90m[31;20m2026-02-05 16:24:07 | INFO |[0m           [36m->[API][awr_marker_reader] RECEIVED:[point:(44.854) mag:(0.7131) ang:(-121.5)]
[1m[90m[31;20m2026-02-05 16:24:07 | INFO |[0m   [33m--- Iteration 2 (Radius: 0.40) ---
[1m[90m[31;20m2026-02-05 16:24:07 | INFO |[0m           [35m->[API][pyawr_configure_schematic_element] SENT:[schematic_title:(VDS40_Load_Pull) target_designator:(HBTUNER3.SourceTuner) parameter_map:({'Mag1': 'calcMag(50,0,z0)', 'Ang1': 'calcAng(50,0,z0)'})]
[1m[90m[31;20m2026-02-05 16:24:07 | INFO |[0m           [36m->[API][pyawr_configure_schematic_element] RETURN:[{'schematic_source': 'VDS40_Load_Pull', 'element_identifier': 'HBTUNER3.SourceTuner', 'applied_configurations': {'Mag1': 'calcMag(50,0,z0)', 'Ang1': 'calcAng(50,0,z0)'}}]
[1m[90m[31;20m2026-02-05 16:24:07 | INFO |[0m           [35m->[API][pyawr_configure_schematic_element] SENT:[schematic_title:(VDS40_Load_Pull) target_designator:(HBTUNER3.LoadTuner) parameter_map:({'Mag1': '0.7131', 'Ang1': '-121.5'})]
[1m[90m[31;20m2026-02-05 16:24:07 | INFO |[0m           [36m->[API][pyawr_configure_schematic_element] RETURN:[{'schematic_source': 'VDS40_Load_Pull', 'element_identifier': 'HBTUNER3.LoadTuner', 'applied_configurations': {'Mag1': '0.7131', 'Ang1': '-121.5'}}]
[1m[90m[31;20m2026-02-05 16:24:08 | INFO |[0m           [35m->[API][awr_loadpull_automation] SENT:[{'LP_MaxHarmonic': 1, 'LP_DataFileName': 'source_data_2', 'LP_OverwriteDataFile': True, 'LP_Sweep_Source1': True, 'LP_Sweep_Load1': False, 'LP_Source1_Density': 'Extra fine', 'LP_Source1_Radius': 0.4, 'LP_Source1_CenterMagnitude': 0.8433, 'LP_Source1_CenterAngle': -72.43}]
[1m[90m[31;20m2026-02-05 16:24:08 | INFO |[0m           [35m->[API][awr_marker_reader] SENT:[graph_name:(it2_source_pull) marker:(m2)] 
[1m[90m[31;20m2026-02-05 16:24:08 | INFO |[0m           [36m->[API][awr_marker_reader] RECEIVED:[point:(48.245) mag:(0.95102) ang:(-60.685)]
[1m[90m[31;20m2026-02-05 16:24:09 | INFO |[0m           [35m->[API][pyawr_configure_schematic_element] SENT:[schematic_title:(VDS40_Load_Pull) target_designator:(HBTUNER3.SourceTuner) parameter_map:({'Mag1': '0.95102', 'Ang1': '-60.685'})]
[1m[90m[31;20m2026-02-05 16:24:09 | INFO |[0m           [36m->[API][pyawr_configure_schematic_element] RETURN:[{'schematic_source': 'VDS40_Load_Pull', 'element_identifier': 'HBTUNER3.SourceTuner', 'applied_configurations': {'Mag1': '0.95102', 'Ang1': '-60.685'}}]
[1m[90m[31;20m2026-02-05 16:24:09 | INFO |[0m           [35m->[API][pyawr_configure_schematic_element] SENT:[schematic_title:(VDS40_Load_Pull) target_designator:(HBTUNER3.LoadTuner) parameter_map:({'Mag1': 'calcMag(50,0,z0)', 'Ang1': 'calcAng(50,0,z0)'})]
[1m[90m[31;20m2026-02-05 16:24:09 | INFO |[0m           [36m->[API][pyawr_configure_schematic_element] RETURN:[{'schematic_source': 'VDS40_Load_Pull', 'element_identifier': 'HBTUNER3.LoadTuner', 'applied_configurations': {'Mag1': 'calcMag(50,0,z0)', 'Ang1': 'calcAng(50,0,z0)'}}]
[1m[90m[31;20m2026-02-05 16:24:10 | INFO |[0m           [35m->[API][awr_loadpull_automation] SENT:[{'LP_MaxHarmonic': 1, 'LP_DataFileName': 'load_data_2', 'LP_OverwriteDataFile': True, 'LP_Sweep_Source1': False, 'LP_Sweep_Load1': True, 'LP_Load1_Density': 'Extra fine', 'LP_Load1_Radius': 0.4, 'LP_Load1_CenterMagnitude': 0.7131, 'LP_Load1_CenterAngle': -121.5}]
[1m[90m[31;20m2026-02-05 16:24:10 | INFO |[0m           [35m->[API][awr_marker_reader] SENT:[graph_name:(it2_load_pull) marker:(m2)] 
[1m[90m[31;20m2026-02-05 16:24:10 | INFO |[0m           [36m->[API][awr_marker_reader] RECEIVED:[point:(46.931) mag:(0.70898) ang:(-120.58)]
[1m[90m[31;20m2026-02-05 16:24:10 | INFO |[0m   [33m--- Iteration 3 (Radius: 0.30) ---
[1m[90m[31;20m2026-02-05 16:24:10 | INFO |[0m           [35m->[API][pyawr_configure_schematic_element] SENT:[schematic_title:(VDS40_Load_Pull) target_designator:(HBTUNER3.SourceTuner) parameter_map:({'Mag1': 'calcMag(50,0,z0)', 'Ang1': 'calcAng(50,0,z0)'})]
[1m[90m[31;20m2026-02-05 16:24:10 | INFO |[0m           [36m->[API][pyawr_configure_schematic_element] RETURN:[{'schematic_source': 'VDS40_Load_Pull', 'element_identifier': 'HBTUNER3.SourceTuner', 'applied_configurations': {'Mag1': 'calcMag(50,0,z0)', 'Ang1': 'calcAng(50,0,z0)'}}]
[1m[90m[31;20m2026-02-05 16:24:10 | INFO |[0m           [35m->[API][pyawr_configure_schematic_element] SENT:[schematic_title:(VDS40_Load_Pull) target_designator:(HBTUNER3.LoadTuner) parameter_map:({'Mag1': '0.70898', 'Ang1': '-120.58'})]
[1m[90m[31;20m2026-02-05 16:24:10 | INFO |[0m           [36m->[API][pyawr_configure_schematic_element] RETURN:[{'schematic_source': 'VDS40_Load_Pull', 'element_identifier': 'HBTUNER3.LoadTuner', 'applied_configurations': {'Mag1': '0.70898', 'Ang1': '-120.58'}}]
[1m[90m[31;20m2026-02-05 16:24:12 | INFO |[0m           [35m->[API][awr_loadpull_automation] SENT:[{'LP_MaxHarmonic': 1, 'LP_DataFileName': 'source_data_3', 'LP_OverwriteDataFile': True, 'LP_Sweep_Source1': True, 'LP_Sweep_Load1': False, 'LP_Source1_Density': 'Extra fine', 'LP_Source1_Radius': 0.3, 'LP_Source1_CenterMagnitude': 0.95102, 'LP_Source1_CenterAngle': -60.685}]
[1m[90m[31;20m2026-02-05 16:24:12 | INFO |[0m           [35m->[API][awr_marker_reader] SENT:[graph_name:(it3_source_pull) marker:(m2)] 
[1m[90m[31;20m2026-02-05 16:24:12 | INFO |[0m           [36m->[API][awr_marker_reader] RECEIVED:[point:(47.419) mag:(0.86456) ang:(-62.972)]
[1m[90m[31;20m2026-02-05 16:24:12 | INFO |[0m           [35m->[API][pyawr_configure_schematic_element] SENT:[schematic_title:(VDS40_Load_Pull) target_designator:(HBTUNER3.SourceTuner) parameter_map:({'Mag1': '0.86456', 'Ang1': '-62.972'})]
[1m[90m[31;20m2026-02-05 16:24:12 | INFO |[0m           [36m->[API][pyawr_configure_schematic_element] RETURN:[{'schematic_source': 'VDS40_Load_Pull', 'element_identifier': 'HBTUNER3.SourceTuner', 'applied_configurations': {'Mag1': '0.86456', 'Ang1': '-62.972'}}]
[1m[90m[31;20m2026-02-05 16:24:12 | INFO |[0m           [35m->[API][pyawr_configure_schematic_element] SENT:[schematic_title:(VDS40_Load_Pull) target_designator:(HBTUNER3.LoadTuner) parameter_map:({'Mag1': 'calcMag(50,0,z0)', 'Ang1': 'calcAng(50,0,z0)'})]
[1m[90m[31;20m2026-02-05 16:24:12 | INFO |[0m           [36m->[API][pyawr_configure_schematic_element] RETURN:[{'schematic_source': 'VDS40_Load_Pull', 'element_identifier': 'HBTUNER3.LoadTuner', 'applied_configurations': {'Mag1': 'calcMag(50,0,z0)', 'Ang1': 'calcAng(50,0,z0)'}}]
[1m[90m[31;20m2026-02-05 16:24:13 | INFO |[0m           [35m->[API][awr_loadpull_automation] SENT:[{'LP_MaxHarmonic': 1, 'LP_DataFileName': 'load_data_3', 'LP_OverwriteDataFile': True, 'LP_Sweep_Source1': False, 'LP_Sweep_Load1': True, 'LP_Load1_Density': 'Extra fine', 'LP_Load1_Radius': 0.3, 'LP_Load1_CenterMagnitude': 0.70898, 'LP_Load1_CenterAngle': -120.58}]
[1m[90m[31;20m2026-02-05 16:24:14 | INFO |[0m           [35m->[API][awr_marker_reader] SENT:[graph_name:(it3_load_pull) marker:(m2)] 
[1m[90m[31;20m2026-02-05 16:24:14 | INFO |[0m           [36m->[API][awr_marker_reader] RECEIVED:[point:(47.733) mag:(0.68866) ang:(-120.14)]
[1m[90m[31;20m2026-02-05 16:24:14 | INFO |[0m [32mData saved to CSV -> State: ('13.1', '30', '-2.745')
[1m[90m[31;20m2026-02-05 16:24:14 | INFO |[0m [92m--- State Completed ---

[1m[90m[31;20m2026-02-05 16:24:14 | INFO |[0m [1m[92mSimulation Completed Successfully.
[1m[90m[31;20m2026-02-05 16:24:14 | INFO |[0m CSV File Closed.
